# JRE version: Java(TM) SE Runtime Environment (24.0.2+12) (build 24.0.2+12-54)
# Java VM: Java HotSpot(TM) 64-Bit Server VM (24.0.2+12-54, mixed mode, sharing, tiered, compressed oops, compressed class ptrs, g1 gc, windows-amd64)
GC Precious Log:
 CardTable entry size: 512
 Card Set container configuration: InlinePtr #cards 4 size 8 Array Of Cards #cards 32 size 80 Howl #buckets 8 coarsen threshold 7372 Howl Bitmap #cards 1024 size 144 coarsen threshold 921 Card regions per heap region 1 cards per card region 8192
 CPUs: 8 total, 8 available
 Memory: 7835M
 Large Page Support: Disabled
 NUMA Support: Disabled
 Compressed Oops: Enabled (Zero based)
 Heap Region Size: 4M
 Heap Min Capacity: 8M
 Heap Initial Capacity: 124M
 Heap Max Capacity: 8G
 Pre-touch: Disabled
 Parallel Workers: 8
 Concurrent Workers: 2
 Concurrent Refinement Workers: 8
 Periodic GC: Disabled
Heap:
 garbage-first heap   total reserved 8388608K, committed 774144K, used 417217K [0x0000000600000000, 0x0000000800000000)
  region size 4096K, 5 young (20480K), 5 survivors (20480K)
 Metaspace       used 191652K, committed 194432K, reserved 1245184K
  class space    used 21182K, committed 22464K, reserved 1048576K
GC Heap History (20 events):
Event: 427.365 GC heap after
{Heap after GC invocations=73 (full 0):
 garbage-first heap   total reserved 8388608K, committed 757760K, used 308004K [0x0000000600000000, 0x0000000800000000)
  region size 4096K, 4 young (16384K), 4 survivors (16384K)
 Metaspace       used 164821K, committed 167616K, reserved 1245184K
  class space    used 17782K, committed 19072K, reserved 1048576K
}
Event: 433.128 GC heap before
{Heap before GC invocations=74 (full 0):
 garbage-first heap   total reserved 8388608K, committed 757760K, used 594724K [0x0000000600000000, 0x0000000800000000)
  region size 4096K, 75 young (307200K), 4 survivors (16384K)
 Metaspace       used 164244K, committed 167040K, reserved 1245184K
  class space    used 17748K, committed 19072K, reserved 1048576K
}
Event: 433.149 GC heap after
{Heap after GC invocations=75 (full 0):
 garbage-first heap   total reserved 8388608K, committed 757760K, used 310268K [0x0000000600000000, 0x0000000800000000)
  region size 4096K, 4 young (16384K), 4 survivors (16384K)
 Metaspace       used 164244K, committed 167040K, reserved 1245184K
  class space    used 17748K, committed 19072K, reserved 1048576K
}
Event: 438.598 GC heap before
{Heap before GC invocations=75 (full 0):
 garbage-first heap   total reserved 8388608K, committed 757760K, used 605180K [0x0000000600000000, 0x0000000800000000)
  region size 4096K, 77 young (315392K), 4 survivors (16384K)
 Metaspace       used 169317K, committed 172032K, reserved 1245184K
  class space    used 18333K, committed 19584K, reserved 1048576K
}
Event: 438.669 GC heap after
{Heap after GC invocations=76 (full 0):
 garbage-first heap   total reserved 8388608K, committed 757760K, used 322540K [0x0000000600000000, 0x0000000800000000)
  region size 4096K, 10 young (40960K), 10 survivors (40960K)
 Metaspace       used 169317K, committed 172032K, reserved 1245184K
  class space    used 18333K, committed 19584K, reserved 1048576K
}
Event: 441.589 GC heap before
{Heap before GC invocations=76 (full 0):
 garbage-first heap   total reserved 8388608K, committed 757760K, used 621548K [0x0000000600000000, 0x0000000800000000)
  region size 4096K, 84 young (344064K), 10 survivors (40960K)
 Metaspace       used 170241K, committed 172992K, reserved 1245184K
  class space    used 18415K, committed 19712K, reserved 1048576K
}
Event: 441.825 GC heap after
{Heap after GC invocations=77 (full 0):
 garbage-first heap   total reserved 8388608K, committed 757760K, used 393216K [0x0000000600000000, 0x0000000800000000)
  region size 4096K, 11 young (45056K), 11 survivors (45056K)
 Metaspace       used 170241K, committed 172992K, reserved 1245184K
  class space    used 18415K, committed 19712K, reserved 1048576K
}
Event: 445.191 GC heap before
{Heap before GC invocations=77 (full 0):
 garbage-first heap   total reserved 8388608K, committed 757760K, used 643072K [0x0000000600000000, 0x0000000800000000)
  region size 4096K, 72 young (294912K), 11 survivors (45056K)
 Metaspace       used 175548K, committed 178304K, reserved 1245184K
  class space    used 18980K, committed 20288K, reserved 1048576K
}
Event: 445.342 GC heap after
{Heap after GC invocations=78 (full 0):
 garbage-first heap   total reserved 8388608K, committed 757760K, used 433409K [0x0000000600000000, 0x0000000800000000)
  region size 4096K, 9 young (36864K), 9 survivors (36864K)
 Metaspace       used 175548K, committed 178304K, reserved 1245184K
  class space    used 18980K, committed 20288K, reserved 1048576K
}
Event: 449.651 GC heap before
{Heap before GC invocations=79 (full 0):
 garbage-first heap   total reserved 8388608K, committed 757760K, used 670977K [0x0000000600000000, 0x0000000800000000)
  region size 4096K, 63 young (258048K), 9 survivors (36864K)
 Metaspace       used 178383K, committed 181120K, reserved 1245184K
  class space    used 19324K, committed 20608K, reserved 1048576K
}
Event: 449.713 GC heap after
{Heap after GC invocations=80 (full 0):
 garbage-first heap   total reserved 8388608K, committed 757760K, used 462385K [0x0000000600000000, 0x0000000800000000)
  region size 4096K, 4 young (16384K), 4 survivors (16384K)
 Metaspace       used 178383K, committed 181120K, reserved 1245184K
  class space    used 19324K, committed 20608K, reserved 1048576K
}
Event: 454.001 GC heap before
{Heap before GC invocations=80 (full 0):
 garbage-first heap   total reserved 8388608K, committed 757760K, used 671281K [0x0000000600000000, 0x0000000800000000)
  region size 4096K, 56 young (229376K), 4 survivors (16384K)
 Metaspace       used 183363K, committed 186048K, reserved 1245184K
  class space    used 20051K, committed 21312K, reserved 1048576K
}
Event: 454.036 GC heap after
{Heap after GC invocations=81 (full 0):
 garbage-first heap   total reserved 8388608K, committed 757760K, used 456475K [0x0000000600000000, 0x0000000800000000)
  region size 4096K, 4 young (16384K), 4 survivors (16384K)
 Metaspace       used 183363K, committed 186048K, reserved 1245184K
  class space    used 20051K, committed 21312K, reserved 1048576K
}
Event: 456.580 GC heap before
{Heap before GC invocations=81 (full 0):
 garbage-first heap   total reserved 8388608K, committed 757760K, used 677659K [0x0000000600000000, 0x0000000800000000)
  region size 4096K, 59 young (241664K), 4 survivors (16384K)
 Metaspace       used 187562K, committed 190400K, reserved 1245184K
  class space    used 20640K, committed 21952K, reserved 1048576K
}
Event: 456.614 GC heap after
{Heap after GC invocations=82 (full 0):
 garbage-first heap   total reserved 8388608K, committed 757760K, used 460296K [0x0000000600000000, 0x0000000800000000)
  region size 4096K, 5 young (20480K), 5 survivors (20480K)
 Metaspace       used 187562K, committed 190400K, reserved 1245184K
  class space    used 20640K, committed 21952K, reserved 1048576K
}
Event: 463.104 GC heap before
{Heap before GC invocations=83 (full 0):
 garbage-first heap   total reserved 8388608K, committed 774144K, used 689672K [0x0000000600000000, 0x0000000800000000)
  region size 4096K, 61 young (249856K), 5 survivors (20480K)
 Metaspace       used 187908K, committed 190720K, reserved 1245184K
  class space    used 20637K, committed 21952K, reserved 1048576K
}
Event: 463.230 GC heap after
{Heap after GC invocations=84 (full 0):
 garbage-first heap   total reserved 8388608K, committed 774144K, used 454474K [0x0000000600000000, 0x0000000800000000)
  region size 4096K, 3 young (12288K), 3 survivors (12288K)
 Metaspace       used 187908K, committed 190720K, reserved 1245184K
  class space    used 20637K, committed 21952K, reserved 1048576K
}
Event: 465.756 GC heap before
{Heap before GC invocations=84 (full 0):
 garbage-first heap   total reserved 8388608K, committed 774144K, used 704330K [0x0000000600000000, 0x0000000800000000)
  region size 4096K, 65 young (266240K), 3 survivors (12288K)
 Metaspace       used 188576K, committed 191360K, reserved 1245184K
  class space    used 20743K, committed 22016K, reserved 1048576K
}
Event: 465.812 GC heap after
{Heap after GC invocations=85 (full 0):
 garbage-first heap   total reserved 8388608K, committed 774144K, used 455378K [0x0000000600000000, 0x0000000800000000)
  region size 4096K, 3 young (12288K), 3 survivors (12288K)
 Metaspace       used 188576K, committed 191360K, reserved 1245184K
  class space    used 20743K, committed 22016K, reserved 1048576K
}
Event: 472.257 GC heap before
{Heap before GC invocations=85 (full 0):
 garbage-first heap   total reserved 8388608K, committed 774144K, used 713426K [0x0000000600000000, 0x0000000800000000)
  region size 4096K, 67 young (274432K), 3 survivors (12288K)
 Metaspace       used 191652K, committed 194432K, reserved 1245184K
  class space    used 21182K, committed 22464K, reserved 1048576K
}

